{
  "RSpec": {
    "coverage": {
      "/Users/yamazakigentaro/workspace/portforio/kariteyomu/spec/admin/posts_spec.rb": {
        "lines": [
          null,
          1,
          null,
          1,
          1,
          1,
          2,
          2,
          2,
          2,
          2,
          2,
          2,
          2,
          2,
          2,
          null,
          null,
          1,
          1,
          1,
          1,
          1,
          1,
          1,
          1,
          1,
          1,
          null,
          null,
          1,
          1,
          1,
          1,
          1,
          2,
          1,
          1,
          1,
          null,
          null,
          null
        ]
      },
      "/Users/yamazakigentaro/workspace/portforio/kariteyomu/spec/rails_helper.rb": {
        "lines": [
          null,
          1,
          1,
          1,
          null,
          1,
          1,
          null,
          null,
          null,
          null,
          null,
          null,
          null,
          null,
          null,
          null,
          null,
          null,
          null,
          null,
          null,
          3,
          null,
          null,
          null,
          null,
          1,
          null,
          0,
          0,
          null,
          1,
          null,
          1,
          null,
          null,
          null,
          null,
          1,
          null,
          null,
          null,
          null,
          null,
          null,
          null,
          null,
          null,
          null,
          null,
          null,
          null,
          null,
          null,
          null,
          null,
          1,
          null,
          null,
          1,
          null,
          null,
          1,
          1,
          1,
          1,
          null
        ]
      },
      "/Users/yamazakigentaro/workspace/portforio/kariteyomu/spec/factories/age.rb": {
        "lines": [
          1,
          1,
          12,
          null,
          null,
          1,
          1,
          null,
          null,
          1,
          1,
          null,
          null
        ]
      },
      "/Users/yamazakigentaro/workspace/portforio/kariteyomu/spec/factories/authors.rb": {
        "lines": [
          1,
          1,
          1,
          null,
          null
        ]
      },
      "/Users/yamazakigentaro/workspace/portforio/kariteyomu/spec/factories/book.rb": {
        "lines": [
          1,
          1,
          1,
          9,
          9,
          9,
          1,
          1,
          null,
          null
        ]
      },
      "/Users/yamazakigentaro/workspace/portforio/kariteyomu/spec/factories/book_authors.rb": {
        "lines": [
          1,
          1,
          1,
          1,
          null,
          null
        ]
      },
      "/Users/yamazakigentaro/workspace/portforio/kariteyomu/spec/factories/category.rb": {
        "lines": [
          1,
          1,
          12,
          null,
          null,
          1,
          1,
          null,
          null,
          1,
          1,
          null,
          null
        ]
      },
      "/Users/yamazakigentaro/workspace/portforio/kariteyomu/app/models/category.rb": {
        "lines": [
          1,
          1,
          1,
          null,
          1,
          null
        ]
      },
      "/Users/yamazakigentaro/workspace/portforio/kariteyomu/app/models/application_record.rb": {
        "lines": [
          1,
          1,
          null
        ]
      },
      "/Users/yamazakigentaro/workspace/portforio/kariteyomu/spec/factories/comment.rb": {
        "lines": [
          1,
          1,
          2,
          1,
          1,
          null,
          null
        ]
      },
      "/Users/yamazakigentaro/workspace/portforio/kariteyomu/spec/factories/library.rb": {
        "lines": [
          1,
          1,
          6,
          1,
          null,
          null
        ]
      },
      "/Users/yamazakigentaro/workspace/portforio/kariteyomu/spec/factories/likes.rb": {
        "lines": [
          1,
          1,
          1,
          1,
          null,
          null
        ]
      },
      "/Users/yamazakigentaro/workspace/portforio/kariteyomu/spec/factories/post.rb": {
        "lines": [
          1,
          1,
          1,
          25,
          28,
          28,
          1,
          1,
          null,
          null
        ]
      },
      "/Users/yamazakigentaro/workspace/portforio/kariteyomu/spec/factories/post_ages.rb": {
        "lines": [
          1,
          1,
          1,
          1,
          null,
          null
        ]
      },
      "/Users/yamazakigentaro/workspace/portforio/kariteyomu/spec/factories/post_authors.rb": {
        "lines": [
          1,
          1,
          1,
          1,
          null,
          null
        ]
      },
      "/Users/yamazakigentaro/workspace/portforio/kariteyomu/spec/factories/post_categories.rb": {
        "lines": [
          1,
          1,
          1,
          1,
          null,
          null
        ]
      },
      "/Users/yamazakigentaro/workspace/portforio/kariteyomu/spec/factories/relationships.rb": {
        "lines": [
          1,
          1,
          1,
          1,
          null,
          null
        ]
      },
      "/Users/yamazakigentaro/workspace/portforio/kariteyomu/spec/factories/user.rb": {
        "lines": [
          1,
          1,
          95,
          108,
          108,
          108,
          null,
          1,
          2,
          null,
          null,
          1,
          9,
          9,
          null,
          null,
          1,
          6,
          6,
          null,
          null,
          null
        ]
      },
      "/Users/yamazakigentaro/workspace/portforio/kariteyomu/app/helpers/application_helper.rb": {
        "lines": [
          1,
          1,
          205,
          29,
          null,
          176,
          null,
          205,
          null,
          null,
          1,
          16,
          null,
          null,
          1,
          null,
          176,
          null,
          null,
          null,
          null,
          null,
          null,
          null,
          null,
          null,
          null,
          null,
          null,
          null,
          null,
          null,
          null,
          null,
          null,
          null,
          null,
          null,
          null,
          null,
          null,
          null,
          null,
          null,
          null,
          null,
          1,
          400,
          null,
          null,
          1,
          2800,
          2800,
          2653,
          null,
          null,
          6566,
          4620,
          null,
          null,
          2800,
          null,
          null
        ]
      },
      "/Users/yamazakigentaro/workspace/portforio/kariteyomu/spec/support/capybara.rb": {
        "lines": [
          1,
          1,
          57,
          null,
          null,
          null
        ]
      },
      "/Users/yamazakigentaro/workspace/portforio/kariteyomu/spec/support/login_macros.rb": {
        "lines": [
          1,
          1,
          34,
          34,
          34,
          34,
          null,
          null
        ]
      },
      "/Users/yamazakigentaro/workspace/portforio/kariteyomu/spec/admin/user_sessions_spec.rb": {
        "lines": [
          null,
          1,
          null,
          1,
          1,
          1,
          1,
          1,
          1,
          1,
          1,
          1,
          1,
          null,
          1,
          1,
          1,
          null,
          1,
          1,
          1,
          null,
          null,
          1,
          1,
          1,
          1,
          1,
          1,
          1,
          1,
          null,
          1,
          1,
          1,
          1,
          null,
          null,
          1,
          1,
          1,
          1,
          1,
          1,
          1,
          1,
          null,
          1,
          1,
          1,
          1,
          1,
          1,
          null,
          null,
          1,
          1,
          1,
          1,
          1,
          1,
          1,
          null,
          1,
          1,
          1,
          1,
          1,
          1,
          1,
          null,
          null,
          null,
          1,
          1,
          1,
          1,
          1,
          1,
          1,
          1,
          1,
          null,
          1,
          1,
          1,
          1,
          1,
          1,
          null,
          null,
          1,
          1,
          1,
          null,
          null,
          null
        ]
      },
      "/Users/yamazakigentaro/workspace/portforio/kariteyomu/spec/admin/users_spec.rb": {
        "lines": [
          null,
          1,
          null,
          1,
          1,
          1,
          2,
          2,
          2,
          2,
          2,
          2,
          null,
          2,
          null,
          2,
          2,
          2,
          null,
          null,
          1,
          1,
          1,
          1,
          1,
          1,
          1,
          1,
          1,
          null,
          1,
          null,
          1,
          1,
          1,
          1,
          null,
          null,
          1,
          1,
          1,
          1,
          2,
          1,
          1,
          1,
          null,
          null,
          null
        ]
      },
      "/Users/yamazakigentaro/workspace/portforio/kariteyomu/spec/models/author_spec.rb": {
        "lines": [
          1,
          null,
          1,
          1,
          2,
          null,
          1,
          1,
          1,
          1,
          null,
          null,
          1,
          1,
          1,
          1,
          null,
          null,
          1,
          1,
          1,
          1,
          null,
          null,
          null
        ]
      },
      "/Users/yamazakigentaro/workspace/portforio/kariteyomu/app/models/author.rb": {
        "lines": [
          1,
          1,
          1,
          null,
          1,
          1,
          null,
          1,
          null
        ]
      },
      "/Users/yamazakigentaro/workspace/portforio/kariteyomu/spec/models/book_author_spec.rb": {
        "lines": [
          1,
          null,
          1,
          1,
          2,
          null,
          1,
          1,
          1,
          1,
          null,
          null,
          1,
          1,
          1,
          1,
          null,
          null,
          null
        ]
      },
      "/Users/yamazakigentaro/workspace/portforio/kariteyomu/app/models/book_author.rb": {
        "lines": [
          1,
          1,
          1,
          1,
          null
        ]
      },
      "/Users/yamazakigentaro/workspace/portforio/kariteyomu/spec/models/book_spec.rb": {
        "lines": [
          1,
          null,
          1,
          1,
          1,
          1,
          1,
          null,
          null,
          null,
          1,
          1,
          1,
          1,
          1,
          null,
          null,
          null,
          1,
          1,
          1,
          1,
          null,
          null,
          null,
          1,
          1,
          1,
          1,
          1,
          null,
          null,
          null
        ]
      },
      "/Users/yamazakigentaro/workspace/portforio/kariteyomu/app/models/book.rb": {
        "lines": [
          1,
          1,
          null,
          1,
          null,
          1,
          1,
          null,
          1,
          null,
          1,
          3,
          3,
          6,
          null,
          3,
          null,
          0,
          null,
          null,
          null
        ]
      },
      "/Users/yamazakigentaro/workspace/portforio/kariteyomu/app/uploaders/book_image_uploader.rb": {
        "lines": [
          1,
          null,
          null,
          null,
          null,
          null,
          1,
          0,
          null,
          1,
          null,
          null,
          null,
          null,
          1,
          0,
          null,
          null,
          null,
          1,
          null,
          null,
          null,
          null,
          7,
          null,
          null,
          null,
          null,
          null,
          null,
          null,
          null,
          null,
          null,
          null,
          null,
          null,
          null,
          null,
          null,
          1,
          0,
          null,
          null,
          null,
          null,
          null,
          null,
          null,
          null
        ]
      },
      "/Users/yamazakigentaro/workspace/portforio/kariteyomu/spec/models/comment_spec.rb": {
        "lines": [
          1,
          null,
          1,
          null,
          1,
          1,
          1,
          1,
          null,
          null,
          null,
          1,
          1,
          1,
          1,
          1,
          null,
          null,
          null,
          1,
          1,
          1,
          1,
          null,
          null,
          null,
          1,
          1,
          1,
          1,
          1,
          null,
          null,
          null
        ]
      },
      "/Users/yamazakigentaro/workspace/portforio/kariteyomu/app/models/comment.rb": {
        "lines": [
          1,
          1,
          1,
          null,
          1,
          null
        ]
      },
      "/Users/yamazakigentaro/workspace/portforio/kariteyomu/spec/models/library_spec.rb": {
        "lines": [
          1,
          null,
          1,
          null,
          1,
          1,
          1,
          1,
          null,
          null,
          null,
          1,
          1,
          1,
          1,
          null,
          null,
          null
        ]
      },
      "/Users/yamazakigentaro/workspace/portforio/kariteyomu/app/models/library.rb": {
        "lines": [
          1,
          1,
          1,
          null
        ]
      },
      "/Users/yamazakigentaro/workspace/portforio/kariteyomu/spec/models/like_spec.rb": {
        "lines": [
          1,
          null,
          1,
          1,
          1,
          null,
          1,
          1,
          1,
          1,
          null,
          null,
          null
        ]
      },
      "/Users/yamazakigentaro/workspace/portforio/kariteyomu/app/models/like.rb": {
        "lines": [
          1,
          1,
          1,
          null,
          1,
          null
        ]
      },
      "/Users/yamazakigentaro/workspace/portforio/kariteyomu/spec/models/post_age_spec.rb": {
        "lines": [
          1,
          null,
          1,
          1,
          1,
          null,
          1,
          1,
          1,
          1,
          null,
          null,
          null
        ]
      },
      "/Users/yamazakigentaro/workspace/portforio/kariteyomu/app/models/post_age.rb": {
        "lines": [
          1,
          1,
          1,
          null,
          1,
          null
        ]
      },
      "/Users/yamazakigentaro/workspace/portforio/kariteyomu/spec/models/post_author_spec.rb": {
        "lines": [
          1,
          null,
          1,
          1,
          2,
          null,
          1,
          1,
          1,
          1,
          null,
          null,
          1,
          1,
          1,
          1,
          null,
          null,
          null
        ]
      },
      "/Users/yamazakigentaro/workspace/portforio/kariteyomu/app/models/post_author.rb": {
        "lines": [
          1,
          1,
          1,
          1,
          null
        ]
      },
      "/Users/yamazakigentaro/workspace/portforio/kariteyomu/spec/models/post_category_spec.rb": {
        "lines": [
          1,
          null,
          1,
          1,
          1,
          null,
          1,
          1,
          1,
          1,
          null,
          null,
          null
        ]
      },
      "/Users/yamazakigentaro/workspace/portforio/kariteyomu/app/models/post_category.rb": {
        "lines": [
          1,
          1,
          1,
          null
        ]
      },
      "/Users/yamazakigentaro/workspace/portforio/kariteyomu/spec/models/post_spec.rb": {
        "lines": [
          1,
          null,
          1,
          null,
          1,
          1,
          1,
          1,
          null,
          null,
          null,
          1,
          1,
          1,
          1,
          1,
          null,
          null,
          null,
          1,
          1,
          1,
          1,
          1,
          null,
          null,
          null,
          1,
          1,
          1,
          1,
          null,
          null,
          null,
          1,
          1,
          1,
          1,
          1,
          null,
          null,
          null,
          1,
          1,
          1,
          1,
          null,
          null,
          null,
          1,
          1,
          1,
          1,
          1,
          null,
          null,
          null
        ]
      },
      "/Users/yamazakigentaro/workspace/portforio/kariteyomu/app/models/post.rb": {
        "lines": [
          1,
          1,
          null,
          1,
          1,
          null,
          1,
          1,
          null,
          1,
          1,
          null,
          1,
          null,
          1,
          1,
          null,
          1,
          1,
          1,
          1,
          null,
          1,
          29,
          0,
          null,
          null,
          null,
          1,
          29,
          0,
          null,
          null,
          null,
          1,
          7,
          7,
          12,
          null,
          6,
          null,
          1,
          null,
          null
        ]
      },
      "/Users/yamazakigentaro/workspace/portforio/kariteyomu/spec/models/relationship_spec.rb": {
        "lines": [
          1,
          null,
          1,
          1,
          1,
          null,
          1,
          1,
          1,
          1,
          null,
          null,
          null
        ]
      },
      "/Users/yamazakigentaro/workspace/portforio/kariteyomu/app/models/relationship.rb": {
        "lines": [
          1,
          1,
          1,
          1,
          null
        ]
      },
      "/Users/yamazakigentaro/workspace/portforio/kariteyomu/spec/models/user_spec.rb": {
        "lines": [
          1,
          null,
          1,
          2,
          1,
          1,
          null,
          1,
          1,
          1,
          1,
          1,
          null,
          null,
          1,
          1,
          1,
          1,
          null,
          null,
          1,
          1,
          1,
          1,
          null,
          null,
          1,
          1,
          1,
          1,
          null,
          null,
          1,
          1,
          1,
          1,
          null,
          null,
          1,
          1,
          1,
          1,
          null,
          null,
          1,
          1,
          1,
          1,
          null,
          null,
          1,
          1,
          1,
          1,
          null,
          null,
          1,
          1,
          1,
          1,
          null,
          null,
          null
        ]
      },
      "/Users/yamazakigentaro/workspace/portforio/kariteyomu/app/models/user.rb": {
        "lines": [
          1,
          1,
          null,
          1,
          null,
          1,
          1,
          1,
          1,
          1,
          1,
          1,
          1,
          1,
          null,
          1,
          1,
          null,
          1,
          null,
          91,
          91,
          91,
          1,
          1,
          1,
          1,
          null,
          1,
          null,
          1,
          12,
          null,
          null,
          1,
          0,
          null,
          null,
          1,
          0,
          null,
          null,
          1,
          3,
          null,
          null,
          1,
          10,
          null,
          null,
          1,
          7,
          null,
          null,
          1,
          1,
          null,
          null
        ]
      },
      "/Users/yamazakigentaro/workspace/portforio/kariteyomu/app/mailers/user_mailer.rb": {
        "lines": [
          1,
          1,
          2,
          2,
          2,
          null,
          null,
          null
        ]
      },
      "/Users/yamazakigentaro/workspace/portforio/kariteyomu/app/mailers/application_mailer.rb": {
        "lines": [
          1,
          1,
          1,
          null
        ]
      },
      "/Users/yamazakigentaro/workspace/portforio/kariteyomu/app/models/authentication.rb": {
        "lines": [
          1,
          1,
          null
        ]
      },
      "/Users/yamazakigentaro/workspace/portforio/kariteyomu/app/uploaders/avatar_uploader.rb": {
        "lines": [
          1,
          1,
          0,
          1,
          1,
          null,
          0,
          null,
          null,
          null,
          null,
          1,
          3,
          null,
          null,
          null,
          1,
          181,
          null,
          null,
          1,
          4,
          null,
          null,
          null
        ]
      },
      "/Users/yamazakigentaro/workspace/portforio/kariteyomu/spec/system/books/book_spec.rb": {
        "lines": [
          1,
          null,
          1,
          1,
          7,
          2,
          2,
          2,
          5,
          null,
          1,
          1,
          1,
          1,
          1,
          1,
          null,
          null,
          null,
          1,
          1,
          1,
          1,
          1,
          null,
          null,
          null,
          1,
          1,
          1,
          1,
          1,
          1,
          null,
          null,
          null,
          null,
          1,
          1,
          1,
          1,
          1,
          1,
          null,
          null,
          null,
          1,
          1,
          4,
          4,
          null,
          1,
          1,
          1,
          1,
          1,
          1,
          1,
          null,
          null,
          1,
          1,
          1,
          1,
          1,
          1,
          1,
          1,
          null,
          null,
          1,
          1,
          1,
          1,
          null,
          null,
          1,
          1,
          1,
          1,
          1,
          1,
          1,
          1,
          1,
          1,
          null,
          1,
          1,
          null,
          null,
          1,
          null,
          null,
          null,
          null,
          null
        ]
      },
      "/Users/yamazakigentaro/workspace/portforio/kariteyomu/spec/system/likes/likes_spec.rb": {
        "lines": [
          1,
          null,
          1,
          1,
          3,
          2,
          2,
          3,
          null,
          1,
          1,
          1,
          1,
          1,
          0,
          0,
          null,
          1,
          null,
          null,
          1,
          1,
          1,
          1,
          0,
          0,
          null,
          1,
          null,
          null,
          null,
          null
        ]
      },
      "/Users/yamazakigentaro/workspace/portforio/kariteyomu/spec/system/login/login_spec.rb": {
        "lines": [
          1,
          2,
          null,
          1,
          1,
          1,
          1,
          1,
          1,
          1,
          1,
          1,
          1,
          null,
          null,
          null,
          null,
          null
        ]
      },
      "/Users/yamazakigentaro/workspace/portforio/kariteyomu/spec/system/posts/post_spec.rb": {
        "lines": [
          1,
          null,
          1,
          1,
          17,
          3,
          4,
          2,
          11,
          11,
          1,
          null,
          1,
          1,
          1,
          1,
          1,
          null,
          null,
          null,
          1,
          1,
          1,
          1,
          1,
          null,
          null,
          null,
          1,
          1,
          1,
          1,
          1,
          null,
          null,
          null,
          1,
          1,
          1,
          1,
          1,
          1,
          1,
          null,
          null,
          null,
          null,
          1,
          1,
          1,
          1,
          1,
          1,
          null,
          null,
          null,
          1,
          1,
          10,
          10,
          10,
          null,
          null,
          1,
          1,
          1,
          1,
          1,
          1,
          1,
          1,
          1,
          4,
          1,
          1,
          null,
          null,
          1,
          1,
          1,
          1,
          1,
          1,
          1,
          1,
          4,
          1,
          1,
          null,
          null,
          1,
          1,
          1,
          1,
          1,
          1,
          1,
          1,
          4,
          1,
          1,
          null,
          null,
          1,
          1,
          1,
          1,
          1,
          1,
          1,
          4,
          1,
          1,
          null,
          null,
          1,
          1,
          1,
          1,
          1,
          1,
          null,
          null,
          1,
          1,
          1,
          1,
          1,
          1,
          1,
          1,
          1,
          null,
          null,
          1,
          1,
          1,
          1,
          1,
          1,
          1,
          1,
          4,
          1,
          1,
          null,
          1,
          1,
          1,
          1,
          1,
          null,
          null,
          1,
          1,
          1,
          1,
          1,
          1,
          1,
          1,
          4,
          1,
          1,
          null,
          1,
          1,
          1,
          1,
          1,
          null,
          null,
          1,
          1,
          1,
          1,
          1,
          1,
          1,
          null,
          null,
          1,
          1,
          1,
          1,
          null,
          1,
          null,
          null,
          null,
          1,
          4,
          1,
          1,
          1,
          1,
          1,
          null,
          null,
          1,
          1,
          1,
          1,
          1,
          1,
          1,
          1,
          1,
          null,
          null,
          1,
          1,
          1,
          1,
          1,
          1,
          null,
          null,
          null,
          null,
          null
        ]
      },
      "/Users/yamazakigentaro/workspace/portforio/kariteyomu/spec/system/profiles/profiles_spec.rb": {
        "lines": [
          1,
          null,
          1,
          1,
          1,
          4,
          4,
          null,
          1,
          1,
          1,
          1,
          1,
          1,
          null,
          null,
          1,
          1,
          1,
          1,
          1,
          1,
          1,
          1,
          1,
          1,
          1,
          1,
          1,
          1,
          null,
          null,
          null,
          1,
          1,
          1,
          1,
          1,
          1,
          1,
          1,
          1,
          1,
          1,
          null,
          null,
          null,
          null,
          1,
          2,
          2,
          null,
          1,
          1,
          1,
          1,
          1,
          1,
          1,
          1,
          null,
          null,
          null,
          null
        ]
      },
      "/Users/yamazakigentaro/workspace/portforio/kariteyomu/spec/system/relationships/relationships_spec.rb": {
        "lines": [
          1,
          null,
          1,
          1,
          7,
          7,
          3,
          1,
          6,
          6,
          6,
          null,
          null,
          1,
          1,
          1,
          1,
          1,
          1,
          2,
          1,
          1,
          1,
          null,
          null,
          1,
          1,
          1,
          1,
          1,
          2,
          1,
          1,
          1,
          null,
          null,
          1,
          1,
          1,
          null,
          null,
          1,
          1,
          1,
          null,
          null,
          1,
          1,
          1,
          null,
          null,
          1,
          1,
          1,
          null,
          null,
          null,
          null
        ]
      },
      "/Users/yamazakigentaro/workspace/portforio/kariteyomu/spec/system/users/use_mailer_spec.rb": {
        "lines": [
          1,
          null,
          1,
          2,
          2,
          2,
          1,
          1,
          43,
          null,
          null,
          null,
          1,
          1,
          null,
          1,
          1,
          null,
          null,
          null
        ]
      },
      "/Users/yamazakigentaro/workspace/portforio/kariteyomu/spec/system/users/user_sessions_spec.rb": {
        "lines": [
          1,
          null,
          1,
          4,
          null,
          1,
          1,
          1,
          1,
          1,
          1,
          1,
          1,
          null,
          null,
          1,
          1,
          1,
          1,
          1,
          1,
          1,
          1,
          1,
          null,
          null,
          null,
          1,
          1,
          1,
          1,
          1,
          1,
          1,
          1,
          null,
          null,
          null,
          null,
          1,
          1,
          1,
          1,
          1,
          1,
          null,
          null,
          1,
          1,
          1,
          1,
          1,
          1,
          1,
          null,
          null,
          null,
          null
        ]
      },
      "/Users/yamazakigentaro/workspace/portforio/kariteyomu/spec/system/users/users_spec.rb": {
        "lines": [
          1,
          null,
          1,
          2,
          null,
          1,
          1,
          1,
          1,
          1,
          1,
          1,
          1,
          4,
          1,
          null,
          null,
          null,
          1,
          1,
          1,
          1,
          1,
          1,
          1,
          4,
          1,
          1,
          1,
          null,
          null,
          1,
          1,
          1,
          1,
          1,
          1,
          4,
          1,
          1,
          1,
          null,
          null,
          null,
          null
        ]
      },
      "/Users/yamazakigentaro/workspace/portforio/kariteyomu/app/controllers/admin/user_sessions_controller.rb": {
        "lines": [
          1,
          1,
          1,
          1,
          null,
          1,
          null,
          1,
          9,
          9,
          7,
          null,
          2,
          2,
          null,
          null,
          null,
          1,
          1,
          1,
          null,
          null
        ]
      },
      "/Users/yamazakigentaro/workspace/portforio/kariteyomu/app/controllers/admin/base_controller.rb": {
        "lines": [
          1,
          1,
          1,
          null,
          1,
          null,
          1,
          0,
          0,
          null,
          null,
          1,
          22,
          null,
          null
        ]
      },
      "/Users/yamazakigentaro/workspace/portforio/kariteyomu/app/controllers/application_controller.rb": {
        "lines": [
          1,
          1,
          1,
          1,
          null,
          1,
          null,
          1,
          3,
          3,
          null,
          null,
          1,
          0,
          null,
          null
        ]
      },
      "/Users/yamazakigentaro/workspace/portforio/kariteyomu/app/controllers/admin/dashboards_controller.rb": {
        "lines": [
          1,
          1,
          null
        ]
      },
      "/Users/yamazakigentaro/workspace/portforio/kariteyomu/app/models/age.rb": {
        "lines": [
          1,
          1,
          null,
          1,
          1,
          null
        ]
      },
      "/Users/yamazakigentaro/workspace/portforio/kariteyomu/app/controllers/admin/posts_controller.rb": {
        "lines": [
          1,
          1,
          null,
          1,
          1,
          1,
          null,
          null,
          1,
          null,
          1,
          1,
          1,
          null,
          0,
          0,
          null,
          null,
          null,
          1,
          null,
          1,
          1,
          1,
          null,
          null,
          1,
          null,
          1,
          6,
          null,
          null,
          1,
          1,
          null,
          null
        ]
      },
      "/Users/yamazakigentaro/workspace/portforio/kariteyomu/app/controllers/posts_controller.rb": {
        "lines": [
          1,
          1,
          1,
          null,
          1,
          56,
          56,
          56,
          null,
          56,
          1,
          1,
          55,
          1,
          1,
          54,
          0,
          0,
          null,
          54,
          null,
          null,
          null,
          1,
          7,
          7,
          null,
          null,
          1,
          7,
          7,
          6,
          null,
          1,
          1,
          1,
          null,
          null,
          null,
          1,
          9,
          9,
          9,
          9,
          null,
          null,
          1,
          null,
          1,
          2,
          1,
          null,
          1,
          1,
          null,
          null,
          null,
          1,
          1,
          1,
          null,
          null,
          1,
          0,
          null,
          null,
          1,
          0,
          null,
          null,
          1,
          null,
          1,
          9,
          null,
          null,
          1,
          5,
          null,
          null,
          1,
          7,
          0,
          null,
          7,
          null,
          null,
          null,
          1,
          1,
          1,
          1,
          1,
          1,
          1,
          1,
          null,
          null
        ]
      },
      "/Users/yamazakigentaro/workspace/portforio/kariteyomu/app/controllers/admin/users_controller.rb": {
        "lines": [
          1,
          1,
          null,
          1,
          1,
          1,
          null,
          null,
          1,
          null,
          1,
          1,
          1,
          null,
          0,
          0,
          null,
          null,
          null,
          1,
          null,
          1,
          1,
          1,
          null,
          null,
          1,
          null,
          1,
          6,
          null,
          null,
          1,
          1,
          null,
          null
        ]
      },
      "/Users/yamazakigentaro/workspace/portforio/kariteyomu/app/controllers/books_controller.rb": {
        "lines": [
          1,
          1,
          null,
          1,
          6,
          6,
          6,
          6,
          4,
          null,
          6,
          null,
          null,
          1,
          0,
          0,
          0,
          null,
          null,
          1,
          3,
          3,
          3,
          null,
          0,
          0,
          0,
          null,
          null,
          null,
          1,
          3,
          3,
          3,
          3,
          null,
          3,
          null,
          null,
          1,
          null,
          1,
          1,
          1,
          null,
          null,
          1,
          22,
          22,
          null,
          22,
          null,
          11,
          1,
          null,
          null,
          10,
          10,
          10,
          10,
          null,
          null,
          null,
          1,
          null,
          1,
          3,
          null,
          null,
          1,
          1,
          null,
          null,
          1,
          3,
          null,
          null,
          1,
          0,
          0,
          0,
          0,
          0,
          0,
          0,
          null,
          null
        ]
      },
      "/Users/yamazakigentaro/workspace/portforio/kariteyomu/app/controllers/user_sessions_controller.rb": {
        "lines": [
          1,
          1,
          null,
          1,
          null,
          1,
          38,
          38,
          37,
          null,
          1,
          1,
          null,
          null,
          null,
          1,
          2,
          2,
          null,
          null,
          1,
          2,
          2,
          null,
          null,
          null,
          null,
          null,
          null,
          2,
          2,
          2,
          2,
          null,
          null
        ]
      },
      "/Users/yamazakigentaro/workspace/portforio/kariteyomu/app/controllers/profiles_controller.rb": {
        "lines": [
          1,
          1,
          null,
          1,
          null,
          1,
          2,
          1,
          null,
          1,
          1,
          null,
          null,
          null,
          1,
          null,
          1,
          null,
          1,
          5,
          null,
          null,
          1,
          2,
          null,
          null
        ]
      },
      "/Users/yamazakigentaro/workspace/portforio/kariteyomu/app/controllers/users_controller.rb": {
        "lines": [
          1,
          1,
          1,
          null,
          1,
          3,
          null,
          null,
          1,
          3,
          3,
          1,
          1,
          null,
          2,
          2,
          null,
          null,
          null,
          1,
          0,
          null,
          null,
          1,
          10,
          10,
          null,
          null,
          1,
          0,
          null,
          null,
          1,
          0,
          null,
          null,
          1,
          1,
          null,
          null,
          1,
          1,
          null,
          null,
          1,
          null,
          1,
          3,
          null,
          null,
          1,
          12,
          null,
          null
        ]
      },
      "/Users/yamazakigentaro/workspace/portforio/kariteyomu/app/controllers/relationships_controller.rb": {
        "lines": [
          1,
          1,
          7,
          7,
          null,
          null,
          1,
          1,
          1,
          null,
          null
        ]
      }
    },
    "timestamp": 1670156355
  }
}
